This is pdfTeX, Version 3.14159265-2.6-1.40.20 (TeX Live 2019/Debian) (preloaded format=pdflatex 2023.12.2)  7 FEB 2024 13:00
entering extended mode
 restricted \write18 enabled.
 %&-line parsing enabled.
**main.tex
(./main.tex
LaTeX2e <2020-02-02> patch level 2
L3 programming layer <2020-02-14> (./wlscirep.cls
Document Class: wlscirep 27/02/2017, v1.3
(/usr/share/texlive/texmf-dist/tex/latex/base/inputenc.sty
Package: inputenc 2018/08/11 v1.3c Input encoding file
\inpenc@prehook=\toks14
\inpenc@posthook=\toks15
)
(/usr/share/texlive/texmf-dist/tex/generic/babel/babel.sty
Package: babel 2020/02/14 3.40 The Babel package

(/usr/share/texlive/texmf-dist/tex/generic/babel/switch.def
File: switch.def 2020/02/14 3.40 Babel switching mechanism
)
(/usr/share/texlive/texmf-dist/tex/generic/babel-english/english.ldf
Language: english 2017/06/06 v3.3r English support from the babel system

(/usr/share/texlive/texmf-dist/tex/generic/babel/babel.def
File: babel.def 2020/02/14 3.40 Babel common definitions
\babel@savecnt=\count167
\U@D=\dimen134

(/usr/share/texlive/texmf-dist/tex/generic/babel/txtbabel.def)
\bbl@readstream=\read2
\bbl@dirlevel=\count168
)
Package babel Info: \l@canadian = using hyphenrules for english
(babel)             (\language0) on input line 102.
Package babel Info: \l@australian = using hyphenrules for ukenglish
(babel)             (\language31) on input line 105.
Package babel Info: \l@newzealand = using hyphenrules for ukenglish
(babel)             (\language31) on input line 108.
))
(/usr/share/texlive/texmf-dist/tex/latex/base/ifthen.sty
Package: ifthen 2014/09/29 v1.1c Standard LaTeX ifthen package (DPC)
)
(/usr/share/texlive/texmf-dist/tex/latex/tools/calc.sty
Package: calc 2017/05/25 v4.3 Infix arithmetic (KKT,FJ)
\calc@Acount=\count169
\calc@Bcount=\count170
\calc@Adimen=\dimen135
\calc@Bdimen=\dimen136
\calc@Askip=\skip47
\calc@Bskip=\skip48
LaTeX Info: Redefining \setlength on input line 80.
LaTeX Info: Redefining \addtolength on input line 81.
\calc@Ccount=\count171
\calc@Cskip=\skip49
)
(/usr/share/texlive/texmf-dist/tex/latex/base/article.cls
Document Class: article 2019/12/20 v1.4l Standard LaTeX document class
(/usr/share/texlive/texmf-dist/tex/latex/base/fleqn.clo
File: fleqn.clo 2016/12/29 v1.2b Standard LaTeX option (flush left equations)
\mathindent=\dimen137
Applying: [2015/01/01] Make \[ robust on input line 50.
LaTeX Info: Redefining \[ on input line 51.
Already applied: [0000/00/00] Make \[ robust on input line 62.
Applying: [2015/01/01] Make \] robust on input line 74.
LaTeX Info: Redefining \] on input line 75.
Already applied: [0000/00/00] Make \] robust on input line 83.
)
(/usr/share/texlive/texmf-dist/tex/latex/base/size12.clo
File: size12.clo 2019/12/20 v1.4l Standard LaTeX file (size option)
)
\c@part=\count172
\c@section=\count173
\c@subsection=\count174
\c@subsubsection=\count175
\c@paragraph=\count176
\c@subparagraph=\count177
\c@figure=\count178
\c@table=\count179
\abovecaptionskip=\skip50
\belowcaptionskip=\skip51
\bibindent=\dimen138
)
(/usr/share/texlive/texmf-dist/tex/latex/psnfss/times.sty
Package: times 2005/04/12 PSNFSS-v9.2a (SPQR) 
)
(/usr/share/texlive/texmf-dist/tex/latex/psnfss/mathptmx.sty
Package: mathptmx 2005/04/12 PSNFSS-v9.2a Times w/ Math, improved (SPQR, WaS) 
LaTeX Font Info:    Redeclaring symbol font `operators' on input line 28.
LaTeX Font Info:    Overwriting symbol font `operators' in version `normal'
(Font)                  OT1/cmr/m/n --> OT1/ztmcm/m/n on input line 28.
LaTeX Font Info:    Overwriting symbol font `operators' in version `bold'
(Font)                  OT1/cmr/bx/n --> OT1/ztmcm/m/n on input line 28.
LaTeX Font Info:    Redeclaring symbol font `letters' on input line 29.
LaTeX Font Info:    Overwriting symbol font `letters' in version `normal'
(Font)                  OML/cmm/m/it --> OML/ztmcm/m/it on input line 29.
LaTeX Font Info:    Overwriting symbol font `letters' in version `bold'
(Font)                  OML/cmm/b/it --> OML/ztmcm/m/it on input line 29.
LaTeX Font Info:    Redeclaring symbol font `symbols' on input line 30.
LaTeX Font Info:    Overwriting symbol font `symbols' in version `normal'
(Font)                  OMS/cmsy/m/n --> OMS/ztmcm/m/n on input line 30.
LaTeX Font Info:    Overwriting symbol font `symbols' in version `bold'
(Font)                  OMS/cmsy/b/n --> OMS/ztmcm/m/n on input line 30.
LaTeX Font Info:    Redeclaring symbol font `largesymbols' on input line 31.
LaTeX Font Info:    Overwriting symbol font `largesymbols' in version `normal'
(Font)                  OMX/cmex/m/n --> OMX/ztmcm/m/n on input line 31.
LaTeX Font Info:    Overwriting symbol font `largesymbols' in version `bold'
(Font)                  OMX/cmex/m/n --> OMX/ztmcm/m/n on input line 31.
\symbold=\mathgroup4
\symitalic=\mathgroup5
LaTeX Font Info:    Redeclaring math alphabet \mathbf on input line 34.
LaTeX Font Info:    Overwriting math alphabet `\mathbf' in version `normal'
(Font)                  OT1/cmr/bx/n --> OT1/ptm/bx/n on input line 34.
LaTeX Font Info:    Overwriting math alphabet `\mathbf' in version `bold'
(Font)                  OT1/cmr/bx/n --> OT1/ptm/bx/n on input line 34.
LaTeX Font Info:    Redeclaring math alphabet \mathit on input line 35.
LaTeX Font Info:    Overwriting math alphabet `\mathit' in version `normal'
(Font)                  OT1/cmr/m/it --> OT1/ptm/m/it on input line 35.
LaTeX Font Info:    Overwriting math alphabet `\mathit' in version `bold'
(Font)                  OT1/cmr/bx/it --> OT1/ptm/m/it on input line 35.
LaTeX Info: Redefining \hbar on input line 50.
)
(/usr/share/texlive/texmf-dist/tex/generic/iftex/ifpdf.sty
Package: ifpdf 2019/10/25 v3.4 ifpdf legacy package. Use iftex instead.

(/usr/share/texlive/texmf-dist/tex/generic/iftex/iftex.sty
Package: iftex 2019/11/07 v1.0c TeX engine tests
))
(/usr/share/texlive/texmf-dist/tex/latex/amsmath/amsmath.sty
Package: amsmath 2020/01/20 v2.17e AMS math features
\@mathmargin=\skip52

For additional information on amsmath, use the `?' option.
(/usr/share/texlive/texmf-dist/tex/latex/amsmath/amstext.sty
Package: amstext 2000/06/29 v2.01 AMS text

(/usr/share/texlive/texmf-dist/tex/latex/amsmath/amsgen.sty
File: amsgen.sty 1999/11/30 v2.0 generic functions
\@emptytoks=\toks16
\ex@=\dimen139
))
(/usr/share/texlive/texmf-dist/tex/latex/amsmath/amsbsy.sty
Package: amsbsy 1999/11/29 v1.2d Bold Symbols
\pmbraise@=\dimen140
)
(/usr/share/texlive/texmf-dist/tex/latex/amsmath/amsopn.sty
Package: amsopn 2016/03/08 v2.02 operator names
)
\inf@bad=\count180
LaTeX Info: Redefining \frac on input line 227.
\uproot@=\count181
\leftroot@=\count182
LaTeX Info: Redefining \overline on input line 389.
\classnum@=\count183
\DOTSCASE@=\count184
LaTeX Info: Redefining \ldots on input line 486.
LaTeX Info: Redefining \dots on input line 489.
LaTeX Info: Redefining \cdots on input line 610.
\Mathstrutbox@=\box45
\strutbox@=\box46
\big@size=\dimen141
LaTeX Font Info:    Redeclaring font encoding OML on input line 733.
LaTeX Font Info:    Redeclaring font encoding OMS on input line 734.
\macc@depth=\count185
\c@MaxMatrixCols=\count186
\dotsspace@=\muskip16
\c@parentequation=\count187
\dspbrk@lvl=\count188
\tag@help=\toks17
\row@=\count189
\column@=\count190
\maxfields@=\count191
\andhelp@=\toks18
\eqnshift@=\dimen142
\alignsep@=\dimen143
\tagshift@=\dimen144
\tagwidth@=\dimen145
\totwidth@=\dimen146
\lineht@=\dimen147
\@envbody=\toks19
\multlinegap=\skip53
\multlinetaggap=\skip54
\mathdisplay@stack=\toks20
LaTeX Info: Redefining \[ on input line 2859.
LaTeX Info: Redefining \] on input line 2860.
)
(/usr/share/texlive/texmf-dist/tex/latex/amsfonts/amsfonts.sty
Package: amsfonts 2013/01/14 v3.01 Basic AMSFonts support
\symAMSa=\mathgroup6
\symAMSb=\mathgroup7
LaTeX Font Info:    Overwriting math alphabet `\mathfrak' in version `bold'
(Font)                  U/euf/m/n --> U/euf/b/n on input line 106.
)
(/usr/share/texlive/texmf-dist/tex/latex/amsfonts/amssymb.sty
Package: amssymb 2013/01/14 v3.01 AMS font symbols
)
(/usr/share/texlive/texmf-dist/tex/latex/graphics/graphicx.sty
Package: graphicx 2019/11/30 v1.2a Enhanced LaTeX Graphics (DPC,SPQR)

(/usr/share/texlive/texmf-dist/tex/latex/graphics/keyval.sty
Package: keyval 2014/10/28 v1.15 key=value parser (DPC)
\KV@toks@=\toks21
)
(/usr/share/texlive/texmf-dist/tex/latex/graphics/graphics.sty
Package: graphics 2019/11/30 v1.4a Standard LaTeX Graphics (DPC,SPQR)

(/usr/share/texlive/texmf-dist/tex/latex/graphics/trig.sty
Package: trig 2016/01/03 v1.10 sin cos tan (DPC)
)
(/usr/share/texlive/texmf-dist/tex/latex/graphics-cfg/graphics.cfg
File: graphics.cfg 2016/06/04 v1.11 sample graphics configuration
)
Package graphics Info: Driver file: pdftex.def on input line 105.

(/usr/share/texlive/texmf-dist/tex/latex/graphics-def/pdftex.def
File: pdftex.def 2018/01/08 v1.0l Graphics/color driver for pdftex
))
\Gin@req@height=\dimen148
\Gin@req@width=\dimen149
)
(/usr/share/texlive/texmf-dist/tex/latex/xcolor/xcolor.sty
Package: xcolor 2016/05/11 v2.12 LaTeX color extensions (UK)

(/usr/share/texlive/texmf-dist/tex/latex/graphics-cfg/color.cfg
File: color.cfg 2016/01/02 v1.6 sample color configuration
)
Package xcolor Info: Driver file: pdftex.def on input line 225.
Package xcolor Info: Model `cmy' substituted by `cmy0' on input line 1348.
Package xcolor Info: Model `hsb' substituted by `rgb' on input line 1352.
Package xcolor Info: Model `RGB' extended on input line 1364.
Package xcolor Info: Model `HTML' substituted by `rgb' on input line 1366.
Package xcolor Info: Model `Hsb' substituted by `hsb' on input line 1367.
Package xcolor Info: Model `tHsb' substituted by `hsb' on input line 1368.
Package xcolor Info: Model `HSB' substituted by `hsb' on input line 1369.
Package xcolor Info: Model `Gray' substituted by `gray' on input line 1370.
Package xcolor Info: Model `wave' substituted by `hsb' on input line 1371.
)
(/usr/share/texlive/texmf-dist/tex/latex/booktabs/booktabs.sty
Package: booktabs 2020/01/12 v1.61803398 Publication quality tables
\heavyrulewidth=\dimen150
\lightrulewidth=\dimen151
\cmidrulewidth=\dimen152
\belowrulesep=\dimen153
\belowbottomsep=\dimen154
\aboverulesep=\dimen155
\abovetopsep=\dimen156
\cmidrulesep=\dimen157
\cmidrulekern=\dimen158
\defaultaddspace=\dimen159
\@cmidla=\count192
\@cmidlb=\count193
\@aboverulesep=\dimen160
\@belowrulesep=\dimen161
\@thisruleclass=\count194
\@lastruleclass=\count195
\@thisrulewidth=\dimen162
)
(/usr/share/texlive/texmf-dist/tex/latex/preprint/authblk.sty
Package: authblk 2001/02/27 1.3 (PWD)
\affilsep=\skip55
\@affilsep=\skip56
\c@Maxaffil=\count196
\c@authors=\count197
\c@affil=\count198
)
(/usr/share/texlive/texmf-dist/tex/latex/geometry/geometry.sty
Package: geometry 2020/01/02 v5.9 Page Geometry

(/usr/share/texlive/texmf-dist/tex/generic/iftex/ifvtex.sty
Package: ifvtex 2019/10/25 v1.7 ifvtex legacy package. Use iftex instead.
)
\Gm@cnth=\count199
\Gm@cntv=\count266
\c@Gm@tempcnt=\count267
\Gm@bindingoffset=\dimen163
\Gm@wd@mp=\dimen164
\Gm@odd@mp=\dimen165
\Gm@even@mp=\dimen166
\Gm@layoutwidth=\dimen167
\Gm@layoutheight=\dimen168
\Gm@layouthoffset=\dimen169
\Gm@layoutvoffset=\dimen170
\Gm@dimlist=\toks22
)
(/usr/share/texlive/texmf-dist/tex/latex/caption/caption.sty
Package: caption 2020/01/03 v3.4h Customizing captions (AR)

(/usr/share/texlive/texmf-dist/tex/latex/caption/caption3.sty
Package: caption3 2020/01/03 v1.8h caption3 kernel (AR)
Package caption3 Info: TeX engine: e-TeX on input line 61.
\captionmargin=\dimen171
\captionmargin@=\dimen172
\captionwidth=\dimen173
\caption@tempdima=\dimen174
\caption@indent=\dimen175
\caption@parindent=\dimen176
\caption@hangindent=\dimen177
Package caption Info: Standard document class detected.
)
\c@caption@flags=\count268
\c@continuedfloat=\count269
)
(/usr/share/texlive/texmf-dist/tex/latex/hyperref/hyperref.sty
Package: hyperref 2020/01/14 v7.00d Hypertext links for LaTeX

(/usr/share/texlive/texmf-dist/tex/generic/ltxcmds/ltxcmds.sty
Package: ltxcmds 2019/12/15 v1.24 LaTeX kernel commands for general use (HO)
)
(/usr/share/texlive/texmf-dist/tex/latex/pdftexcmds/pdftexcmds.sty
Package: pdftexcmds 2019/11/24 v0.31 Utility functions of pdfTeX for LuaTeX (HO
)

(/usr/share/texlive/texmf-dist/tex/generic/infwarerr/infwarerr.sty
Package: infwarerr 2019/12/03 v1.5 Providing info/warning/error messages (HO)
)
Package pdftexcmds Info: \pdf@primitive is available.
Package pdftexcmds Info: \pdf@ifprimitive is available.
Package pdftexcmds Info: \pdfdraftmode found.
)
(/usr/share/texlive/texmf-dist/tex/generic/kvsetkeys/kvsetkeys.sty
Package: kvsetkeys 2019/12/15 v1.18 Key value parser (HO)
)
(/usr/share/texlive/texmf-dist/tex/generic/kvdefinekeys/kvdefinekeys.sty
Package: kvdefinekeys 2019-12-19 v1.6 Define keys (HO)
)
(/usr/share/texlive/texmf-dist/tex/generic/pdfescape/pdfescape.sty
Package: pdfescape 2019/12/09 v1.15 Implements pdfTeX's escape features (HO)
)
(/usr/share/texlive/texmf-dist/tex/latex/hycolor/hycolor.sty
Package: hycolor 2020-01-27 v1.10 Color options for hyperref/bookmark (HO)
)
(/usr/share/texlive/texmf-dist/tex/latex/letltxmacro/letltxmacro.sty
Package: letltxmacro 2019/12/03 v1.6 Let assignment for LaTeX macros (HO)
)
(/usr/share/texlive/texmf-dist/tex/latex/auxhook/auxhook.sty
Package: auxhook 2019-12-17 v1.6 Hooks for auxiliary files (HO)
)
(/usr/share/texlive/texmf-dist/tex/latex/kvoptions/kvoptions.sty
Package: kvoptions 2019/11/29 v3.13 Key value format for package options (HO)
)
\@linkdim=\dimen178
\Hy@linkcounter=\count270
\Hy@pagecounter=\count271

(/usr/share/texlive/texmf-dist/tex/latex/hyperref/pd1enc.def
File: pd1enc.def 2020/01/14 v7.00d Hyperref: PDFDocEncoding definition (HO)
Now handling font encoding PD1 ...
... no UTF-8 mapping file for font encoding PD1
)
(/usr/share/texlive/texmf-dist/tex/generic/intcalc/intcalc.sty
Package: intcalc 2019/12/15 v1.3 Expandable calculations with integers (HO)
)
(/usr/share/texlive/texmf-dist/tex/generic/etexcmds/etexcmds.sty
Package: etexcmds 2019/12/15 v1.7 Avoid name clashes with e-TeX commands (HO)
)
\Hy@SavedSpaceFactor=\count272
\pdfmajorversion=\count273
Package hyperref Info: Option `colorlinks' set `true' on input line 4421.
Package hyperref Info: Hyper figures OFF on input line 4547.
Package hyperref Info: Link nesting OFF on input line 4552.
Package hyperref Info: Hyper index ON on input line 4555.
Package hyperref Info: Plain pages OFF on input line 4562.
Package hyperref Info: Backreferencing OFF on input line 4567.
Package hyperref Info: Implicit mode ON; LaTeX internals redefined.
Package hyperref Info: Bookmarks ON on input line 4800.
\c@Hy@tempcnt=\count274

(/usr/share/texlive/texmf-dist/tex/latex/url/url.sty
\Urlmuskip=\muskip17
Package: url 2013/09/16  ver 3.4  Verb mode for urls, etc.
)
LaTeX Info: Redefining \url on input line 5159.
\XeTeXLinkMargin=\dimen179

(/usr/share/texlive/texmf-dist/tex/generic/bitset/bitset.sty
Package: bitset 2019/12/09 v1.3 Handle bit-vector datatype (HO)

(/usr/share/texlive/texmf-dist/tex/generic/bigintcalc/bigintcalc.sty
Package: bigintcalc 2019/12/15 v1.5 Expandable calculations on big integers (HO
)
))
\Fld@menulength=\count275
\Field@Width=\dimen180
\Fld@charsize=\dimen181
Package hyperref Info: Hyper figures OFF on input line 6430.
Package hyperref Info: Link nesting OFF on input line 6435.
Package hyperref Info: Hyper index ON on input line 6438.
Package hyperref Info: backreferencing OFF on input line 6445.
Package hyperref Info: Link coloring ON on input line 6448.
Package hyperref Info: Link coloring with OCG OFF on input line 6455.
Package hyperref Info: PDF/A mode OFF on input line 6460.
LaTeX Info: Redefining \ref on input line 6500.
LaTeX Info: Redefining \pageref on input line 6504.

(/usr/share/texlive/texmf-dist/tex/generic/atbegshi/atbegshi.sty
Package: atbegshi 2019/12/05 v1.19 At begin shipout hook (HO)
)
\Hy@abspage=\count276
\c@Item=\count277
\c@Hfootnote=\count278
)
Package hyperref Info: Driver (autodetected): hpdftex.

(/usr/share/texlive/texmf-dist/tex/latex/hyperref/hpdftex.def
File: hpdftex.def 2020/01/14 v7.00d Hyperref driver for pdfTeX

(/usr/share/texlive/texmf-dist/tex/latex/atveryend/atveryend.sty
Package: atveryend 2019-12-11 v1.11 Hooks at the very end of document (HO)
Package atveryend Info: \enddocument detected (standard20110627).
)
\Fld@listcount=\count279
\c@bookmark@seq@number=\count280

(/usr/share/texlive/texmf-dist/tex/latex/rerunfilecheck/rerunfilecheck.sty
Package: rerunfilecheck 2019/12/05 v1.9 Rerun checks for auxiliary files (HO)

(/usr/share/texlive/texmf-dist/tex/generic/uniquecounter/uniquecounter.sty
Package: uniquecounter 2019/12/15 v1.4 Provide unlimited unique counter (HO)
)
Package uniquecounter Info: New unique counter `rerunfilecheck' on input line 2
86.
)
\Hy@SectionHShift=\skip57
)
(/usr/share/texlive/texmf-dist/tex/latex/cite/cite.sty
LaTeX Info: Redefining \cite on input line 302.
LaTeX Info: Redefining \nocite on input line 332.
Package: cite 2015/02/27  v 5.5
LaTeX Info: Redefining \cite on input line 441.
)
(/usr/share/texlive/texmf-dist/tex/latex/fancyhdr/fancyhdr.sty
Package: fancyhdr 2019/01/31 v3.10 Extensive control of page headers and footer
s
\f@nch@headwidth=\skip58
\f@nch@O@elh=\skip59
\f@nch@O@erh=\skip60
\f@nch@O@olh=\skip61
\f@nch@O@orh=\skip62
\f@nch@O@elf=\skip63
\f@nch@O@erf=\skip64
\f@nch@O@olf=\skip65
\f@nch@O@orf=\skip66
)
(/usr/share/texlive/texmf-dist/tex/latex/lastpage/lastpage.sty
Package: lastpage 2015/03/29 v1.2m Refers to last page's name (HMM; JPG)
)
(/usr/share/texlive/texmf-dist/tex/latex/titlesec/titlesec.sty
Package: titlesec 2019/10/16 v2.13 Sectioning titles
\ttl@box=\box47
\beforetitleunit=\skip67
\aftertitleunit=\skip68
\ttl@plus=\dimen182
\ttl@minus=\dimen183
\ttl@toksa=\toks23
\titlewidth=\dimen184
\titlewidthlast=\dimen185
\titlewidthfirst=\dimen186
)
(/usr/share/texlive/texmf-dist/tex/latex/titlesec/titletoc.sty
Package: titletoc 2019/10/16 v2.13 TOC entries
\ttl@leftsep=\dimen187
)
(/usr/share/texlive/texmf-dist/tex/latex/enumitem/enumitem.sty
Package: enumitem 2019/06/20 v3.9 Customized lists
\labelindent=\skip69
\enit@outerparindent=\dimen188
\enit@toks=\toks24
\enit@inbox=\box48
\enit@count@id=\count281
\enitdp@description=\count282
)
\tocsep=\skip70

(/usr/share/texlive/texmf-dist/tex/latex/lipsum/lipsum.sty
(/usr/share/texlive/texmf-dist/tex/latex/l3kernel/expl3.sty
Package: expl3 2020-02-14 L3 programming layer (loader) 

(/usr/share/texlive/texmf-dist/tex/latex/l3backend/l3backend-pdfmode.def
File: l3backend-pdfmode.def 2020-02-03 L3 backend support: PDF mode
\l__kernel_color_stack_int=\count283
\l__pdf_internal_box=\box49
))
(/usr/share/texlive/texmf-dist/tex/latex/l3packages/xparse/xparse.sty
Package: xparse 2020-02-14 L3 Experimental document command parser
\l__xparse_current_arg_int=\count284
\g__xparse_grabber_int=\count285
\l__xparse_m_args_int=\count286
\l__xparse_v_nesting_int=\count287
)
Package: lipsum 2019/01/02 v2.2 150 paragraphs of Lorem Ipsum dummy text

(/usr/share/texlive/texmf-dist/tex/latex/lipsum/lipsum.ltd.tex
File: lipsum.ltd.tex 2019/01/02 v2.2 The Lorem ipsum dummy text
))) (./jabbrv.sty
Package: jabbrv 2010/08/18 v0.2 Automatic Journal Title Abbreviation Package
\temp@journal@text=\toks25
\temp@journal@text@=\toks26
\c@jabbrv@strlen@count=\count288
\c@jabbrv@gobble@temp=\count289
\c@jabbrv@loop@i=\count290
\c@jabbrv@loop@max=\count291
\c@jabbrv@word@count=\count292
(./jabbrv-ltwa-all.ldf) (./jabbrv-ltwa-en.ldf))
(/usr/share/texlive/texmf-dist/tex/latex/microtype/microtype.sty
Package: microtype 2019/11/18 v2.7d Micro-typographical refinements (RS)
\MT@toks=\toks27
\MT@count=\count293
LaTeX Info: Redefining \textls on input line 790.
\MT@outer@kern=\dimen189
LaTeX Info: Redefining \textmicrotypecontext on input line 1354.
\MT@listname@count=\count294

(/usr/share/texlive/texmf-dist/tex/latex/microtype/microtype-pdftex.def
File: microtype-pdftex.def 2019/11/18 v2.7d Definitions specific to pdftex (RS)

LaTeX Info: Redefining \lsstyle on input line 914.
LaTeX Info: Redefining \lslig on input line 914.
\MT@outer@space=\skip71
)
Package microtype Info: Loading configuration file microtype.cfg.

(/usr/share/texlive/texmf-dist/tex/latex/microtype/microtype.cfg
File: microtype.cfg 2019/11/18 v2.7d microtype main configuration file (RS)
))
(/usr/share/texlive/texmf-dist/tex/latex/csquotes/csquotes.sty
Package: csquotes 2019-12-06 v5.2j context-sensitive quotations (JAW)

(/usr/share/texlive/texmf-dist/tex/latex/etoolbox/etoolbox.sty
Package: etoolbox 2019/09/21 v2.5h e-TeX tools for LaTeX (JAW)
\etb@tempcnta=\count295
)
\csq@reset=\count296
\csq@gtype=\count297
\csq@glevel=\count298
\csq@qlevel=\count299
\csq@maxlvl=\count300
\csq@tshold=\count301
\csq@ltx@everypar=\toks28

(/usr/share/texlive/texmf-dist/tex/latex/csquotes/csquotes.def
File: csquotes.def 2019-12-06 v5.2j csquotes generic definitions (JAW)
)
Package csquotes Info: Trying to load configuration file 'csquotes.cfg'...
Package csquotes Info: ... configuration file loaded successfully.

(/usr/share/texlive/texmf-dist/tex/latex/csquotes/csquotes.cfg
File: csquotes.cfg 
)
Package csquotes Info: Enabling multilingual quotes.
Package csquotes Info: Redefining alias 'english' -> 'english/american'.
)
(/usr/share/texlive/texmf-dist/tex/latex/cleveref/cleveref.sty
Package: cleveref 2018/03/27 v0.21.4 Intelligent cross-referencing
Package cleveref Info: `hyperref' support loaded on input line 2370.
LaTeX Info: Redefining \cref on input line 2370.
LaTeX Info: Redefining \Cref on input line 2370.
LaTeX Info: Redefining \crefrange on input line 2370.
LaTeX Info: Redefining \Crefrange on input line 2370.
LaTeX Info: Redefining \cpageref on input line 2370.
LaTeX Info: Redefining \Cpageref on input line 2370.
LaTeX Info: Redefining \cpagerefrange on input line 2370.
LaTeX Info: Redefining \Cpagerefrange on input line 2370.
LaTeX Info: Redefining \labelcref on input line 2370.
LaTeX Info: Redefining \labelcpageref on input line 2370.
Package cleveref Info: include cross-reference names in hyperlinks on input lin
e 7836.
Package cleveref Info: include cross-reference names in hyperlinks on input lin
e 7852.
)
(/usr/share/texlive/texmf-dist/tex/latex/base/fontenc.sty
Package: fontenc 2020/02/11 v2.0o Standard LaTeX package
LaTeX Font Info:    Trying to load font information for T1+ptm on input line 11
2.

(/usr/share/texlive/texmf-dist/tex/latex/psnfss/t1ptm.fd
File: t1ptm.fd 2001/06/04 font definitions for T1/ptm.
))
(/usr/share/texlive/texmf-dist/tex/latex/tools/bm.sty
Package: bm 2019/07/24 v1.2d Bold Symbol Support (DPC/FMi)
LaTeX Info: Redefining \bm on input line 209.
)
(/usr/share/texlive/texmf-dist/tex/latex/pgf/frontendlayer/tikz.sty
(/usr/share/texlive/texmf-dist/tex/latex/pgf/basiclayer/pgf.sty
(/usr/share/texlive/texmf-dist/tex/latex/pgf/utilities/pgfrcs.sty
(/usr/share/texlive/texmf-dist/tex/generic/pgf/utilities/pgfutil-common.tex
\pgfutil@everybye=\toks29
\pgfutil@tempdima=\dimen190
\pgfutil@tempdimb=\dimen191

(/usr/share/texlive/texmf-dist/tex/generic/pgf/utilities/pgfutil-common-lists.t
ex)) (/usr/share/texlive/texmf-dist/tex/generic/pgf/utilities/pgfutil-latex.def
\pgfutil@abb=\box50
(/usr/share/texlive/texmf-dist/tex/latex/ms/everyshi.sty
Package: everyshi 2001/05/15 v3.00 EveryShipout Package (MS)
))
(/usr/share/texlive/texmf-dist/tex/generic/pgf/utilities/pgfrcs.code.tex
(/usr/share/texlive/texmf-dist/tex/generic/pgf/pgf.revision.tex)
Package: pgfrcs 2020/01/08 v3.1.5b (3.1.5b)
))
Package: pgf 2020/01/08 v3.1.5b (3.1.5b)

(/usr/share/texlive/texmf-dist/tex/latex/pgf/basiclayer/pgfcore.sty
(/usr/share/texlive/texmf-dist/tex/latex/pgf/systemlayer/pgfsys.sty
(/usr/share/texlive/texmf-dist/tex/generic/pgf/systemlayer/pgfsys.code.tex
Package: pgfsys 2020/01/08 v3.1.5b (3.1.5b)

(/usr/share/texlive/texmf-dist/tex/generic/pgf/utilities/pgfkeys.code.tex
\pgfkeys@pathtoks=\toks30
\pgfkeys@temptoks=\toks31

(/usr/share/texlive/texmf-dist/tex/generic/pgf/utilities/pgfkeysfiltered.code.t
ex
\pgfkeys@tmptoks=\toks32
))
\pgf@x=\dimen192
\pgf@y=\dimen193
\pgf@xa=\dimen194
\pgf@ya=\dimen195
\pgf@xb=\dimen196
\pgf@yb=\dimen197
\pgf@xc=\dimen198
\pgf@yc=\dimen199
\pgf@xd=\dimen256
\pgf@yd=\dimen257
\w@pgf@writea=\write3
\r@pgf@reada=\read3
\c@pgf@counta=\count302
\c@pgf@countb=\count303
\c@pgf@countc=\count304
\c@pgf@countd=\count305
\t@pgf@toka=\toks33
\t@pgf@tokb=\toks34
\t@pgf@tokc=\toks35
\pgf@sys@id@count=\count306
 (/usr/share/texlive/texmf-dist/tex/generic/pgf/systemlayer/pgf.cfg
File: pgf.cfg 2020/01/08 v3.1.5b (3.1.5b)
)
Driver file for pgf: pgfsys-pdftex.def

(/usr/share/texlive/texmf-dist/tex/generic/pgf/systemlayer/pgfsys-pdftex.def
File: pgfsys-pdftex.def 2020/01/08 v3.1.5b (3.1.5b)

(/usr/share/texlive/texmf-dist/tex/generic/pgf/systemlayer/pgfsys-common-pdf.de
f
File: pgfsys-common-pdf.def 2020/01/08 v3.1.5b (3.1.5b)
)))
(/usr/share/texlive/texmf-dist/tex/generic/pgf/systemlayer/pgfsyssoftpath.code.
tex
File: pgfsyssoftpath.code.tex 2020/01/08 v3.1.5b (3.1.5b)
\pgfsyssoftpath@smallbuffer@items=\count307
\pgfsyssoftpath@bigbuffer@items=\count308
)
(/usr/share/texlive/texmf-dist/tex/generic/pgf/systemlayer/pgfsysprotocol.code.
tex
File: pgfsysprotocol.code.tex 2020/01/08 v3.1.5b (3.1.5b)
))
(/usr/share/texlive/texmf-dist/tex/generic/pgf/basiclayer/pgfcore.code.tex
Package: pgfcore 2020/01/08 v3.1.5b (3.1.5b)

(/usr/share/texlive/texmf-dist/tex/generic/pgf/math/pgfmath.code.tex
(/usr/share/texlive/texmf-dist/tex/generic/pgf/math/pgfmathcalc.code.tex
(/usr/share/texlive/texmf-dist/tex/generic/pgf/math/pgfmathutil.code.tex)
(/usr/share/texlive/texmf-dist/tex/generic/pgf/math/pgfmathparser.code.tex
\pgfmath@dimen=\dimen258
\pgfmath@count=\count309
\pgfmath@box=\box51
\pgfmath@toks=\toks36
\pgfmath@stack@operand=\toks37
\pgfmath@stack@operation=\toks38
)
(/usr/share/texlive/texmf-dist/tex/generic/pgf/math/pgfmathfunctions.code.tex
(/usr/share/texlive/texmf-dist/tex/generic/pgf/math/pgfmathfunctions.basic.code
.tex)
(/usr/share/texlive/texmf-dist/tex/generic/pgf/math/pgfmathfunctions.trigonomet
ric.code.tex)
(/usr/share/texlive/texmf-dist/tex/generic/pgf/math/pgfmathfunctions.random.cod
e.tex)
(/usr/share/texlive/texmf-dist/tex/generic/pgf/math/pgfmathfunctions.comparison
.code.tex)
(/usr/share/texlive/texmf-dist/tex/generic/pgf/math/pgfmathfunctions.base.code.
tex)
(/usr/share/texlive/texmf-dist/tex/generic/pgf/math/pgfmathfunctions.round.code
.tex)
(/usr/share/texlive/texmf-dist/tex/generic/pgf/math/pgfmathfunctions.misc.code.
tex)
(/usr/share/texlive/texmf-dist/tex/generic/pgf/math/pgfmathfunctions.integerari
thmetics.code.tex)))
(/usr/share/texlive/texmf-dist/tex/generic/pgf/math/pgfmathfloat.code.tex
\c@pgfmathroundto@lastzeros=\count310
))
(/usr/share/texlive/texmf-dist/tex/generic/pgf/math/pgfint.code.tex)
(/usr/share/texlive/texmf-dist/tex/generic/pgf/basiclayer/pgfcorepoints.code.te
x
File: pgfcorepoints.code.tex 2020/01/08 v3.1.5b (3.1.5b)
\pgf@picminx=\dimen259
\pgf@picmaxx=\dimen260
\pgf@picminy=\dimen261
\pgf@picmaxy=\dimen262
\pgf@pathminx=\dimen263
\pgf@pathmaxx=\dimen264
\pgf@pathminy=\dimen265
\pgf@pathmaxy=\dimen266
\pgf@xx=\dimen267
\pgf@xy=\dimen268
\pgf@yx=\dimen269
\pgf@yy=\dimen270
\pgf@zx=\dimen271
\pgf@zy=\dimen272
)
(/usr/share/texlive/texmf-dist/tex/generic/pgf/basiclayer/pgfcorepathconstruct.
code.tex
File: pgfcorepathconstruct.code.tex 2020/01/08 v3.1.5b (3.1.5b)
\pgf@path@lastx=\dimen273
\pgf@path@lasty=\dimen274
)
(/usr/share/texlive/texmf-dist/tex/generic/pgf/basiclayer/pgfcorepathusage.code
.tex
File: pgfcorepathusage.code.tex 2020/01/08 v3.1.5b (3.1.5b)
\pgf@shorten@end@additional=\dimen275
\pgf@shorten@start@additional=\dimen276
)
(/usr/share/texlive/texmf-dist/tex/generic/pgf/basiclayer/pgfcorescopes.code.te
x
File: pgfcorescopes.code.tex 2020/01/08 v3.1.5b (3.1.5b)
\pgfpic=\box52
\pgf@hbox=\box53
\pgf@layerbox@main=\box54
\pgf@picture@serial@count=\count311
)
(/usr/share/texlive/texmf-dist/tex/generic/pgf/basiclayer/pgfcoregraphicstate.c
ode.tex
File: pgfcoregraphicstate.code.tex 2020/01/08 v3.1.5b (3.1.5b)
\pgflinewidth=\dimen277
)
(/usr/share/texlive/texmf-dist/tex/generic/pgf/basiclayer/pgfcoretransformation
s.code.tex
File: pgfcoretransformations.code.tex 2020/01/08 v3.1.5b (3.1.5b)
\pgf@pt@x=\dimen278
\pgf@pt@y=\dimen279
\pgf@pt@temp=\dimen280
)
(/usr/share/texlive/texmf-dist/tex/generic/pgf/basiclayer/pgfcorequick.code.tex
File: pgfcorequick.code.tex 2020/01/08 v3.1.5b (3.1.5b)
)
(/usr/share/texlive/texmf-dist/tex/generic/pgf/basiclayer/pgfcoreobjects.code.t
ex
File: pgfcoreobjects.code.tex 2020/01/08 v3.1.5b (3.1.5b)
)
(/usr/share/texlive/texmf-dist/tex/generic/pgf/basiclayer/pgfcorepathprocessing
.code.tex
File: pgfcorepathprocessing.code.tex 2020/01/08 v3.1.5b (3.1.5b)
)
(/usr/share/texlive/texmf-dist/tex/generic/pgf/basiclayer/pgfcorearrows.code.te
x
File: pgfcorearrows.code.tex 2020/01/08 v3.1.5b (3.1.5b)
\pgfarrowsep=\dimen281
)
(/usr/share/texlive/texmf-dist/tex/generic/pgf/basiclayer/pgfcoreshade.code.tex
File: pgfcoreshade.code.tex 2020/01/08 v3.1.5b (3.1.5b)
\pgf@max=\dimen282
\pgf@sys@shading@range@num=\count312
\pgf@shadingcount=\count313
)
(/usr/share/texlive/texmf-dist/tex/generic/pgf/basiclayer/pgfcoreimage.code.tex
File: pgfcoreimage.code.tex 2020/01/08 v3.1.5b (3.1.5b)

(/usr/share/texlive/texmf-dist/tex/generic/pgf/basiclayer/pgfcoreexternal.code.
tex
File: pgfcoreexternal.code.tex 2020/01/08 v3.1.5b (3.1.5b)
\pgfexternal@startupbox=\box55
))
(/usr/share/texlive/texmf-dist/tex/generic/pgf/basiclayer/pgfcorelayers.code.te
x
File: pgfcorelayers.code.tex 2020/01/08 v3.1.5b (3.1.5b)
)
(/usr/share/texlive/texmf-dist/tex/generic/pgf/basiclayer/pgfcoretransparency.c
ode.tex
File: pgfcoretransparency.code.tex 2020/01/08 v3.1.5b (3.1.5b)
)
(/usr/share/texlive/texmf-dist/tex/generic/pgf/basiclayer/pgfcorepatterns.code.
tex
File: pgfcorepatterns.code.tex 2020/01/08 v3.1.5b (3.1.5b)
)
(/usr/share/texlive/texmf-dist/tex/generic/pgf/basiclayer/pgfcorerdf.code.tex
File: pgfcorerdf.code.tex 2020/01/08 v3.1.5b (3.1.5b)
)))
(/usr/share/texlive/texmf-dist/tex/generic/pgf/modules/pgfmoduleshapes.code.tex
File: pgfmoduleshapes.code.tex 2020/01/08 v3.1.5b (3.1.5b)
\pgfnodeparttextbox=\box56
) (/usr/share/texlive/texmf-dist/tex/generic/pgf/modules/pgfmoduleplot.code.tex
File: pgfmoduleplot.code.tex 2020/01/08 v3.1.5b (3.1.5b)
)
(/usr/share/texlive/texmf-dist/tex/latex/pgf/compatibility/pgfcomp-version-0-65
.sty
Package: pgfcomp-version-0-65 2020/01/08 v3.1.5b (3.1.5b)
\pgf@nodesepstart=\dimen283
\pgf@nodesepend=\dimen284
)
(/usr/share/texlive/texmf-dist/tex/latex/pgf/compatibility/pgfcomp-version-1-18
.sty
Package: pgfcomp-version-1-18 2020/01/08 v3.1.5b (3.1.5b)
)) (/usr/share/texlive/texmf-dist/tex/latex/pgf/utilities/pgffor.sty
(/usr/share/texlive/texmf-dist/tex/latex/pgf/utilities/pgfkeys.sty
(/usr/share/texlive/texmf-dist/tex/generic/pgf/utilities/pgfkeys.code.tex))
(/usr/share/texlive/texmf-dist/tex/latex/pgf/math/pgfmath.sty
(/usr/share/texlive/texmf-dist/tex/generic/pgf/math/pgfmath.code.tex))
(/usr/share/texlive/texmf-dist/tex/generic/pgf/utilities/pgffor.code.tex
Package: pgffor 2020/01/08 v3.1.5b (3.1.5b)

(/usr/share/texlive/texmf-dist/tex/generic/pgf/math/pgfmath.code.tex)
\pgffor@iter=\dimen285
\pgffor@skip=\dimen286
\pgffor@stack=\toks39
\pgffor@toks=\toks40
))
(/usr/share/texlive/texmf-dist/tex/generic/pgf/frontendlayer/tikz/tikz.code.tex
Package: tikz 2020/01/08 v3.1.5b (3.1.5b)

(/usr/share/texlive/texmf-dist/tex/generic/pgf/libraries/pgflibraryplothandlers
.code.tex
File: pgflibraryplothandlers.code.tex 2020/01/08 v3.1.5b (3.1.5b)
\pgf@plot@mark@count=\count314
\pgfplotmarksize=\dimen287
)
\tikz@lastx=\dimen288
\tikz@lasty=\dimen289
\tikz@lastxsaved=\dimen290
\tikz@lastysaved=\dimen291
\tikz@lastmovetox=\dimen292
\tikz@lastmovetoy=\dimen293
\tikzleveldistance=\dimen294
\tikzsiblingdistance=\dimen295
\tikz@figbox=\box57
\tikz@figbox@bg=\box58
\tikz@tempbox=\box59
\tikz@tempbox@bg=\box60
\tikztreelevel=\count315
\tikznumberofchildren=\count316
\tikznumberofcurrentchild=\count317
\tikz@fig@count=\count318

(/usr/share/texlive/texmf-dist/tex/generic/pgf/modules/pgfmodulematrix.code.tex
File: pgfmodulematrix.code.tex 2020/01/08 v3.1.5b (3.1.5b)
\pgfmatrixcurrentrow=\count319
\pgfmatrixcurrentcolumn=\count320
\pgf@matrix@numberofcolumns=\count321
)
\tikz@expandcount=\count322

(/usr/share/texlive/texmf-dist/tex/generic/pgf/frontendlayer/tikz/libraries/tik
zlibrarytopaths.code.tex
File: tikzlibrarytopaths.code.tex 2020/01/08 v3.1.5b (3.1.5b)
)))
(/usr/share/texlive/texmf-dist/tex/latex/xurl/xurl.sty
Package: xurl 2020/01/24 v 0.09 modify URL breaks
)
(/usr/share/texlive/texmf-dist/tex/latex/jknapltx/mathrsfs.sty
Package: mathrsfs 1996/01/01 Math RSFS package v1.0 (jk)
\symrsfs=\mathgroup8
)
(/usr/share/texlive/texmf-dist/tex/latex/float/float.sty
Package: float 2001/11/08 v1.3d Float enhancements (AL)
\c@float@type=\count323
\float@exts=\toks41
\float@box=\box61
\@float@everytoks=\toks42
\@floatcapt=\box62
)
(/usr/share/texlive/texmf-dist/tex/latex/caption/subcaption.sty
Package: subcaption 2020/01/22 v1.3d Sub-captions (AR)
\c@subfigure=\count324
\c@subtable=\count325
)
(/usr/share/texlive/texmf-dist/tex/latex/hyperref/nameref.sty
Package: nameref 2019/09/16 v2.46 Cross-referencing by name of section

(/usr/share/texlive/texmf-dist/tex/latex/refcount/refcount.sty
Package: refcount 2019/12/15 v3.6 Data extraction from label references (HO)
)
(/usr/share/texlive/texmf-dist/tex/generic/gettitlestring/gettitlestring.sty
Package: gettitlestring 2019/12/15 v1.6 Cleanup title references (HO)
)
\c@section@level=\count326
)
(/usr/share/texlive/texmf-dist/tex/generic/pgf/libraries/pgflibraryarrows.meta.
code.tex
File: pgflibraryarrows.meta.code.tex 2020/01/08 v3.1.5b (3.1.5b)
\pgfarrowinset=\dimen296
\pgfarrowlength=\dimen297
\pgfarrowwidth=\dimen298
\pgfarrowlinewidth=\dimen299
)
(/usr/share/texlive/texmf-dist/tex/generic/pgf/frontendlayer/tikz/libraries/tik
zlibrarypositioning.code.tex
File: tikzlibrarypositioning.code.tex 2020/01/08 v3.1.5b (3.1.5b)
)
(/usr/share/texlive/texmf-dist/tex/generic/pgf/frontendlayer/tikz/libraries/tik
zlibraryfit.code.tex
File: tikzlibraryfit.code.tex 2020/01/08 v3.1.5b (3.1.5b)
)
Package csquotes Info: Allocating character ".
Package csquotes Info: Checking for multilingual support...
Package csquotes Info: ... found 'babel' package.


LaTeX Warning: Unused global option(s):
    [tikz].

(./main.aux)
\openout1 = `main.aux'.

LaTeX Font Info:    Checking defaults for OML/cmm/m/it on input line 51.
LaTeX Font Info:    ... okay on input line 51.
LaTeX Font Info:    Checking defaults for OMS/cmsy/m/n on input line 51.
LaTeX Font Info:    ... okay on input line 51.
LaTeX Font Info:    Checking defaults for OT1/cmr/m/n on input line 51.
LaTeX Font Info:    ... okay on input line 51.
LaTeX Font Info:    Checking defaults for T1/cmr/m/n on input line 51.
LaTeX Font Info:    ... okay on input line 51.
LaTeX Font Info:    Checking defaults for TS1/cmr/m/n on input line 51.
LaTeX Font Info:    ... okay on input line 51.
LaTeX Font Info:    Checking defaults for OMX/cmex/m/n on input line 51.
LaTeX Font Info:    ... okay on input line 51.
LaTeX Font Info:    Checking defaults for U/cmr/m/n on input line 51.
LaTeX Font Info:    ... okay on input line 51.
LaTeX Font Info:    Checking defaults for PD1/pdf/m/n on input line 51.
LaTeX Font Info:    ... okay on input line 51.
 (/usr/share/texlive/texmf-dist/tex/context/base/mkii/supp-pdf.mkii
[Loading MPS to PDF converter (version 2006.09.02).]
\scratchcounter=\count327
\scratchdimen=\dimen300
\scratchbox=\box63
\nofMPsegments=\count328
\nofMParguments=\count329
\everyMPshowfont=\toks43
\MPscratchCnt=\count330
\MPscratchDim=\dimen301
\MPnumerator=\count331
\makeMPintoPDFobject=\count332
\everyMPtoPDFconversion=\toks44
) (/usr/share/texlive/texmf-dist/tex/latex/epstopdf-pkg/epstopdf-base.sty
Package: epstopdf-base 2020-01-24 v2.11 Base part for package epstopdf
Package epstopdf-base Info: Redefining graphics rule for `.eps' on input line 4
85.

(/usr/share/texlive/texmf-dist/tex/latex/latexconfig/epstopdf-sys.cfg
File: epstopdf-sys.cfg 2010/07/13 v1.3 Configuration of (r)epstopdf for TeX Liv
e
))
*geometry* driver: auto-detecting
*geometry* detected driver: pdftex
*geometry* verbose mode - [ preamble ] result:
* driver: pdftex
* paper: letterpaper
* layout: <same size as paper>
* layoutoffset:(h,v)=(0.0pt,0.0pt)
* modes: 
* h-part:(L,W,R)=(56.9055pt, 500.484pt, 56.9055pt)
* v-part:(T,H,B)=(64.01869pt, 666.9326pt, 64.01869pt)
* \paperwidth=614.295pt
* \paperheight=794.96999pt
* \textwidth=500.484pt
* \textheight=666.9326pt
* \oddsidemargin=-15.36449pt
* \evensidemargin=-15.36449pt
* \topmargin=-45.2513pt
* \headheight=12.0pt
* \headsep=25.0pt
* \topskip=12.0pt
* \footskip=30.0pt
* \marginparwidth=44.0pt
* \marginparsep=10.0pt
* \columnsep=15.6491pt
* \skip\footins=10.8pt plus 4.0pt minus 2.0pt
* \hoffset=0.0pt
* \voffset=0.0pt
* \mag=1000
* \@twocolumnfalse
* \@twosidefalse
* \@mparswitchfalse
* \@reversemarginfalse
* (1in=72.27pt=25.4mm, 1cm=28.453pt)

Package caption Info: Begin \AtBeginDocument code.
Package caption Info: float package is loaded.
Package caption Info: hyperref package is loaded.
Package caption Info: End \AtBeginDocument code.
\AtBeginShipoutBox=\box64
Package hyperref Info: Link coloring ON on input line 51.
LaTeX Info: Redefining \ref on input line 51.
LaTeX Info: Redefining \pageref on input line 51.
LaTeX Info: Redefining \nameref on input line 51.
(./main.out) (./main.out)
\@outlinefile=\write4
\openout4 = `main.out'.

Package lastpage Info: Please have a look at the pageslts package at
(lastpage)             https://www.ctan.org/pkg/pageslts
(lastpage)             ! on input line 51.
LaTeX Info: Redefining \microtypecontext on input line 51.
Package microtype Info: Generating PDF output.
Package microtype Info: Character protrusion enabled (level 2).
Package microtype Info: Using default protrusion set `alltext'.
Package microtype Info: Automatic font expansion enabled (level 2),
(microtype)             stretch: 20, shrink: 20, step: 1, non-selected.
Package microtype Info: Using default expansion set `basictext'.
LaTeX Info: Redefining \showhyphens on input line 51.
Package microtype Info: No adjustment of tracking.
Package microtype Info: No adjustment of interword spacing.
Package microtype Info: No adjustment of character kerning.

(/usr/share/texlive/texmf-dist/tex/latex/microtype/mt-ptm.cfg
File: mt-ptm.cfg 2006/04/20 v1.7 microtype config. file: Times (RS)
)
Package csquotes Info: Making character " active on input line 51.

ABD: EveryShipout initializing macros
LaTeX Font Info:    Trying to load font information for T1+phv on input line 54
.

(/usr/share/texlive/texmf-dist/tex/latex/psnfss/t1phv.fd
File: t1phv.fd 2001/06/04 scalable font definitions for T1/phv.
)
Package microtype Info: Loading generic protrusion settings for font family
(microtype)             `phv' (encoding: T1).
(microtype)             For optimal results, create family-specific settings.
(microtype)             See the microtype manual for details.
LaTeX Font Info:    Trying to load font information for OT1+phv on input line 5
4.

(/usr/share/texlive/texmf-dist/tex/latex/psnfss/ot1phv.fd
File: ot1phv.fd 2001/06/04 scalable font definitions for OT1/phv.
)
Package microtype Info: Loading generic protrusion settings for font family
(microtype)             `phv' (encoding: OT1).
(microtype)             For optimal results, create family-specific settings.
(microtype)             See the microtype manual for details.
LaTeX Font Info:    Trying to load font information for OT1+ztmcm on input line
 54.

(/usr/share/texlive/texmf-dist/tex/latex/psnfss/ot1ztmcm.fd
File: ot1ztmcm.fd 2000/01/03 Fontinst v1.801 font definitions for OT1/ztmcm.
)
Package microtype Info: Loading generic protrusion settings for font family
(microtype)             `ztmcm' (encoding: OT1).
(microtype)             For optimal results, create family-specific settings.
(microtype)             See the microtype manual for details.
LaTeX Font Info:    Trying to load font information for OML+ztmcm on input line
 54.

(/usr/share/texlive/texmf-dist/tex/latex/psnfss/omlztmcm.fd
File: omlztmcm.fd 2000/01/03 Fontinst v1.801 font definitions for OML/ztmcm.
)
LaTeX Font Info:    Trying to load font information for OMS+ztmcm on input line
 54.

(/usr/share/texlive/texmf-dist/tex/latex/psnfss/omsztmcm.fd
File: omsztmcm.fd 2000/01/03 Fontinst v1.801 font definitions for OMS/ztmcm.
)
LaTeX Font Info:    Trying to load font information for OMX+ztmcm on input line
 54.

(/usr/share/texlive/texmf-dist/tex/latex/psnfss/omxztmcm.fd
File: omxztmcm.fd 2000/01/03 Fontinst v1.801 font definitions for OMX/ztmcm.
)
LaTeX Font Info:    Trying to load font information for OT1+ptm on input line 5
4.

(/usr/share/texlive/texmf-dist/tex/latex/psnfss/ot1ptm.fd
File: ot1ptm.fd 2001/06/04 font definitions for OT1/ptm.
)
LaTeX Font Info:    Font shape `OT1/ptm/bx/n' in size <12> not available
(Font)              Font shape `OT1/ptm/b/n' tried instead on input line 54.
LaTeX Font Info:    Font shape `OT1/ptm/bx/n' in size <9> not available
(Font)              Font shape `OT1/ptm/b/n' tried instead on input line 54.
LaTeX Font Info:    Font shape `OT1/ptm/bx/n' in size <7> not available
(Font)              Font shape `OT1/ptm/b/n' tried instead on input line 54.

(/usr/share/texlive/texmf-dist/tex/latex/microtype/mt-msa.cfg
File: mt-msa.cfg 2006/02/04 v1.1 microtype config. file: AMS symbols (a) (RS)
)
(/usr/share/texlive/texmf-dist/tex/latex/microtype/mt-msb.cfg
File: mt-msb.cfg 2005/06/01 v1.0 microtype config. file: AMS symbols (b) (RS)
)
LaTeX Font Info:    Trying to load font information for U+rsfs on input line 54
.

(/usr/share/texlive/texmf-dist/tex/latex/jknapltx/ursfs.fd
File: ursfs.fd 1998/03/24 rsfs font definition file (jk)
)
LaTeX Font Info:    Font shape `OT1/ptm/bx/n' in size <10> not available
(Font)              Font shape `OT1/ptm/b/n' tried instead on input line 54.
LaTeX Font Info:    Font shape `OT1/ptm/bx/n' in size <7.4> not available
(Font)              Font shape `OT1/ptm/b/n' tried instead on input line 54.
LaTeX Font Info:    Font shape `OT1/ptm/bx/n' in size <6> not available
(Font)              Font shape `OT1/ptm/b/n' tried instead on input line 54.
 [1

{/var/lib/texmf/fonts/map/pdftex/updmap/pdftex.map}] [2] [3] [4] [5] [6]

LaTeX Warning: Citation `Liao2020' on page 7 undefined on input line 257.

<images/window_length_loss_SIR_IND.pdf, id=274, 765.65736pt x 487.8683pt>
File: images/window_length_loss_SIR_IND.pdf Graphic file (type pdf)
<use images/window_length_loss_SIR_IND.pdf>
Package pdftex.def Info: images/window_length_loss_SIR_IND.pdf  used on input l
ine 276.
(pdftex.def)             Requested size: 240.23016pt x 153.0689pt.
<images/window_length_loss_I_IND.pdf, id=275, 765.65736pt x 487.8683pt>
File: images/window_length_loss_I_IND.pdf Graphic file (type pdf)
<use images/window_length_loss_I_IND.pdf>
Package pdftex.def Info: images/window_length_loss_I_IND.pdf  used on input lin
e 283.
(pdftex.def)             Requested size: 240.23016pt x 153.0689pt.
<images/interpolated_nu_varying_with_time_IND.pdf, id=276, 746.80568pt x 490.97
19pt>
File: images/interpolated_nu_varying_with_time_IND.pdf Graphic file (type pdf)
<use images/interpolated_nu_varying_with_time_IND.pdf>
Package pdftex.def Info: images/interpolated_nu_varying_with_time_IND.pdf  used
 on input line 294.
(pdftex.def)             Requested size: 500.484pt x 329.03935pt.
[7] [8 <./images/window_length_loss_SIR_IND.pdf> <./images/window_length_loss_I
_IND.pdf> <./images/interpolated_nu_varying_with_time_IND.pdf>]

LaTeX Warning: Reference `fig:comparing_costs_IND' on page 1 undefined on input
 line 354.

LaTeX Font Info:    Trying to load font information for TS1+ptm on input line 3
70.
(/usr/share/texlive/texmf-dist/tex/latex/psnfss/ts1ptm.fd
File: ts1ptm.fd 2001/06/04 font definitions for TS1/ptm.
) [9] [10]
Underfull \vbox (badness 10000) has occurred while \output is active []

 [11]
<images/SIR_model_IND.pdf, id=445, 730.71431pt x 484.18265pt>
File: images/SIR_model_IND.pdf Graphic file (type pdf)
<use images/SIR_model_IND.pdf>
Package pdftex.def Info: images/SIR_model_IND.pdf  used on input line 466.
(pdftex.def)             Requested size: 365.35626pt x 242.09073pt.
<images/SIR_model_infections_IND.pdf, id=446, 726.417pt x 487.69577pt>
File: images/SIR_model_infections_IND.pdf Graphic file (type pdf)
<use images/SIR_model_infections_IND.pdf>
Package pdftex.def Info: images/SIR_model_infections_IND.pdf  used on input lin
e 472.
(pdftex.def)             Requested size: 363.20761pt x 243.84729pt.
<images/SIR_model_with_lockdown_IND.pdf, id=449, 730.71431pt x 484.18265pt>
File: images/SIR_model_with_lockdown_IND.pdf Graphic file (type pdf)
<use images/SIR_model_with_lockdown_IND.pdf>
Package pdftex.def Info: images/SIR_model_with_lockdown_IND.pdf  used on input 
line 486.
(pdftex.def)             Requested size: 365.35626pt x 242.09073pt.
<images/stringency_varying_with_time_IND.pdf, id=450, 726.417pt x 488.04082pt>
File: images/stringency_varying_with_time_IND.pdf Graphic file (type pdf)
<use images/stringency_varying_with_time_IND.pdf>
Package pdftex.def Info: images/stringency_varying_with_time_IND.pdf  used on i
nput line 493.
(pdftex.def)             Requested size: 363.20761pt x 244.0198pt.
<images/SIR_model_with_lockdown_infections_IND.pdf, id=451, 718.60658pt x 487.6
9577pt>
File: images/SIR_model_with_lockdown_infections_IND.pdf Graphic file (type pdf)

<use images/SIR_model_with_lockdown_infections_IND.pdf>
Package pdftex.def Info: images/SIR_model_with_lockdown_infections_IND.pdf  use
d on input line 501.
(pdftex.def)             Requested size: 359.30241pt x 243.84729pt.
<images/SIRV_model_with_lockdown_IND.pdf, id=454, 730.71431pt x 484.18265pt>
File: images/SIRV_model_with_lockdown_IND.pdf Graphic file (type pdf)
<use images/SIRV_model_with_lockdown_IND.pdf>
Package pdftex.def Info: images/SIRV_model_with_lockdown_IND.pdf  used on input
 line 515.
(pdftex.def)             Requested size: 365.35626pt x 242.09073pt.
<images/SIRV_model_with_lockdown_infections_IND.pdf, id=455, 718.60658pt x 487.
69577pt>
File: images/SIRV_model_with_lockdown_infections_IND.pdf Graphic file (type pdf
)
<use images/SIRV_model_with_lockdown_infections_IND.pdf>
Package pdftex.def Info: images/SIRV_model_with_lockdown_infections_IND.pdf  us
ed on input line 522.
(pdftex.def)             Requested size: 359.30241pt x 243.84729pt.
<images/SIRV_model_with_lockdown_time_varying_nu_IND.pdf, id=459, 730.71431pt x
 484.18265pt>
File: images/SIRV_model_with_lockdown_time_varying_nu_IND.pdf Graphic file (typ
e pdf)
<use images/SIRV_model_with_lockdown_time_varying_nu_IND.pdf>
Package pdftex.def Info: images/SIRV_model_with_lockdown_time_varying_nu_IND.pd
f  used on input line 536.
(pdftex.def)             Requested size: 365.35626pt x 242.09073pt.
LaTeX Font Info:    Font shape `OT1/ptm/bx/n' in size <10.95> not available
(Font)              Font shape `OT1/ptm/b/n' tried instead on input line 537.
LaTeX Font Info:    Font shape `OT1/ptm/bx/n' in size <8> not available
(Font)              Font shape `OT1/ptm/b/n' tried instead on input line 537.
<images/SIRV_model_with_lockdown_infections_time_varying_nu_IND.pdf, id=460, 73
8.13266pt x 487.69577pt>
File: images/SIRV_model_with_lockdown_infections_time_varying_nu_IND.pdf Graphi
c file (type pdf)
<use images/SIRV_model_with_lockdown_infections_time_varying_nu_IND.pdf>
Package pdftex.def Info: images/SIRV_model_with_lockdown_infections_time_varyin
g_nu_IND.pdf  used on input line 543.
(pdftex.def)             Requested size: 369.06543pt x 243.84729pt.
<images/comparing_costs_SIR_IND.pdf, id=461, 784.7286pt x 503.95654pt>
File: images/comparing_costs_SIR_IND.pdf Graphic file (type pdf)
<use images/comparing_costs_SIR_IND.pdf>
Package pdftex.def Info: images/comparing_costs_SIR_IND.pdf  used on input line
 553.
(pdftex.def)             Requested size: 240.23016pt x 154.27171pt.
<images/comparing_costs_I_IND.pdf, id=462, 776.69861pt x 503.95654pt>
File: images/comparing_costs_I_IND.pdf Graphic file (type pdf)
<use images/comparing_costs_I_IND.pdf>
Package pdftex.def Info: images/comparing_costs_I_IND.pdf  used on input line 5
60.
(pdftex.def)             Requested size: 240.23016pt x 155.87119pt.
<images/stringency_vs_gdp_IND.pdf, id=465, 745.94308pt x 488.04082pt>
File: images/stringency_vs_gdp_IND.pdf Graphic file (type pdf)
<use images/stringency_vs_gdp_IND.pdf>
Package pdftex.def Info: images/stringency_vs_gdp_IND.pdf  used on input line 5
74.
(pdftex.def)             Requested size: 240.23016pt x 157.16669pt.
<images/gdp_modelled_with_stringency_IND.pdf, id=466, 745.94308pt x 487.69577pt
>
File: images/gdp_modelled_with_stringency_IND.pdf Graphic file (type pdf)
<use images/gdp_modelled_with_stringency_IND.pdf>
Package pdftex.def Info: images/gdp_modelled_with_stringency_IND.pdf  used on i
nput line 581.
(pdftex.def)             Requested size: 240.23016pt x 157.05557pt.
<images/stringency_vs_gdp_MEX.pdf, id=467, 734.22745pt x 488.04082pt>
File: images/stringency_vs_gdp_MEX.pdf Graphic file (type pdf)
<use images/stringency_vs_gdp_MEX.pdf>
Package pdftex.def Info: images/stringency_vs_gdp_MEX.pdf  used on input line 5
88.
(pdftex.def)             Requested size: 240.23016pt x 159.67628pt.
<images/gdp_modelled_with_stringency_MEX.pdf, id=468, 734.22745pt x 487.69577pt
>
File: images/gdp_modelled_with_stringency_MEX.pdf Graphic file (type pdf)
<use images/gdp_modelled_with_stringency_MEX.pdf>
Package pdftex.def Info: images/gdp_modelled_with_stringency_MEX.pdf  used on i
nput line 595.
(pdftex.def)             Requested size: 240.23016pt x 159.5634pt.
<images/stringency_vs_gdp_BRA.pdf, id=469, 734.39494pt x 488.04082pt>
File: images/stringency_vs_gdp_BRA.pdf Graphic file (type pdf)
<use images/stringency_vs_gdp_BRA.pdf>
Package pdftex.def Info: images/stringency_vs_gdp_BRA.pdf  used on input line 6
02.
(pdftex.def)             Requested size: 240.23016pt x 159.63905pt.
<images/gdp_modelled_with_stringency_BRA.pdf, id=470, 734.22745pt x 487.69577pt
>
File: images/gdp_modelled_with_stringency_BRA.pdf Graphic file (type pdf)
<use images/gdp_modelled_with_stringency_BRA.pdf>
Package pdftex.def Info: images/gdp_modelled_with_stringency_BRA.pdf  used on i
nput line 609.
(pdftex.def)             Requested size: 240.23016pt x 159.5634pt.
<images/stringency_vs_gdp_USA.pdf, id=471, 734.22745pt x 488.04082pt>
File: images/stringency_vs_gdp_USA.pdf Graphic file (type pdf)
<use images/stringency_vs_gdp_USA.pdf>
Package pdftex.def Info: images/stringency_vs_gdp_USA.pdf  used on input line 6
20.
(pdftex.def)             Requested size: 240.23016pt x 159.67628pt.
<images/gdp_modelled_with_stringency_USA.pdf, id=472, 734.22745pt x 487.69577pt
>
File: images/gdp_modelled_with_stringency_USA.pdf Graphic file (type pdf)
<use images/gdp_modelled_with_stringency_USA.pdf>
Package pdftex.def Info: images/gdp_modelled_with_stringency_USA.pdf  used on i
nput line 627.
(pdftex.def)             Requested size: 240.23016pt x 159.5634pt.
<images/stringency_vs_gdp_JPN.pdf, id=473, 734.22745pt x 488.04082pt>
File: images/stringency_vs_gdp_JPN.pdf Graphic file (type pdf)
<use images/stringency_vs_gdp_JPN.pdf>
Package pdftex.def Info: images/stringency_vs_gdp_JPN.pdf  used on input line 6
34.
(pdftex.def)             Requested size: 240.23016pt x 159.67628pt.
<images/gdp_modelled_with_stringency_JPN.pdf, id=474, 734.22745pt x 487.69577pt
>
File: images/gdp_modelled_with_stringency_JPN.pdf Graphic file (type pdf)
<use images/gdp_modelled_with_stringency_JPN.pdf>
Package pdftex.def Info: images/gdp_modelled_with_stringency_JPN.pdf  used on i
nput line 641.
(pdftex.def)             Requested size: 240.23016pt x 159.5634pt.
<images/stringency_vs_gdp_CAN.pdf, id=475, 741.45268pt x 488.04082pt>
File: images/stringency_vs_gdp_CAN.pdf Graphic file (type pdf)
<use images/stringency_vs_gdp_CAN.pdf>
Package pdftex.def Info: images/stringency_vs_gdp_CAN.pdf  used on input line 6
48.
(pdftex.def)             Requested size: 240.23016pt x 158.12733pt.
<images/gdp_modelled_with_stringency_CAN.pdf, id=476, 734.22745pt x 487.69577pt
>
File: images/gdp_modelled_with_stringency_CAN.pdf Graphic file (type pdf)
<use images/gdp_modelled_with_stringency_CAN.pdf>
Package pdftex.def Info: images/gdp_modelled_with_stringency_CAN.pdf  used on i
nput line 655.
(pdftex.def)             Requested size: 240.23016pt x 159.5634pt.

[12] [13 <./images/SIR_model_IND.pdf> <./images/SIR_model_infections_IND.pdf>]
[14 <./images/SIR_model_with_lockdown_IND.pdf> <./images/stringency_varying_wit
h_time_IND.pdf>]
Package epstopdf Info: Source file: <images/914857/rl_sir.eps>
(epstopdf)                    date: 2024-01-17 18:45:28
(epstopdf)                    size: 54411 bytes
(epstopdf)             Output file: <images/914857/rl_sir-eps-converted-to.pdf>

(epstopdf)                    date: 2024-01-17 18:53:50
(epstopdf)                    size: 24576 bytes
(epstopdf)             Command: <repstopdf --outfile=images/914857/rl_sir-eps-c
onverted-to.pdf images/914857/rl_sir.eps>
(epstopdf)             \includegraphics on input line 668.
Package epstopdf Info: Output file is already uptodate.
<images/914857/rl_sir-eps-converted-to.pdf, id=660, 867.24pt x 578.16pt>
File: images/914857/rl_sir-eps-converted-to.pdf Graphic file (type pdf)
<use images/914857/rl_sir-eps-converted-to.pdf>
Package pdftex.def Info: images/914857/rl_sir-eps-converted-to.pdf  used on inp
ut line 668.
(pdftex.def)             Requested size: 240.23016pt x 160.14575pt.
Package epstopdf Info: Source file: <images/914857/rl_i.eps>
(epstopdf)                    date: 2024-01-17 18:45:29
(epstopdf)                    size: 46472 bytes
(epstopdf)             Output file: <images/914857/rl_i-eps-converted-to.pdf>
(epstopdf)                    date: 2024-01-17 18:53:50
(epstopdf)                    size: 21078 bytes
(epstopdf)             Command: <repstopdf --outfile=images/914857/rl_i-eps-con
verted-to.pdf images/914857/rl_i.eps>
(epstopdf)             \includegraphics on input line 675.
Package epstopdf Info: Output file is already uptodate.
<images/914857/rl_i-eps-converted-to.pdf, id=661, 867.24pt x 578.16pt>
File: images/914857/rl_i-eps-converted-to.pdf Graphic file (type pdf)
<use images/914857/rl_i-eps-converted-to.pdf>
Package pdftex.def Info: images/914857/rl_i-eps-converted-to.pdf  used on input
 line 675.
(pdftex.def)             Requested size: 240.23016pt x 160.14575pt.
Package epstopdf Info: Source file: <images/914857/rl_gdp.eps>
(epstopdf)                    date: 2024-01-17 18:45:30
(epstopdf)                    size: 30218 bytes
(epstopdf)             Output file: <images/914857/rl_gdp-eps-converted-to.pdf>

(epstopdf)                    date: 2024-01-17 18:53:50
(epstopdf)                    size: 16040 bytes
(epstopdf)             Command: <repstopdf --outfile=images/914857/rl_gdp-eps-c
onverted-to.pdf images/914857/rl_gdp.eps>
(epstopdf)             \includegraphics on input line 682.
Package epstopdf Info: Output file is already uptodate.
<images/914857/rl_gdp-eps-converted-to.pdf, id=662, 867.24pt x 578.16pt>
File: images/914857/rl_gdp-eps-converted-to.pdf Graphic file (type pdf)
<use images/914857/rl_gdp-eps-converted-to.pdf>
Package pdftex.def Info: images/914857/rl_gdp-eps-converted-to.pdf  used on inp
ut line 682.
(pdftex.def)             Requested size: 240.23016pt x 160.14575pt.
<images/914857/rl_stringency.pdf, id=663, 867.24pt x 578.16pt>
File: images/914857/rl_stringency.pdf Graphic file (type pdf)
<use images/914857/rl_stringency.pdf>
Package pdftex.def Info: images/914857/rl_stringency.pdf  used on input line 68
9.
(pdftex.def)             Requested size: 240.23016pt x 160.14575pt.
Package epstopdf Info: Source file: <images/914857/rl_r_eff.eps>
(epstopdf)                    date: 2024-01-17 18:45:30
(epstopdf)                    size: 37644 bytes
(epstopdf)             Output file: <images/914857/rl_r_eff-eps-converted-to.pd
f>
(epstopdf)                    date: 2024-01-17 18:53:50
(epstopdf)                    size: 18607 bytes
(epstopdf)             Command: <repstopdf --outfile=images/914857/rl_r_eff-eps
-converted-to.pdf images/914857/rl_r_eff.eps>
(epstopdf)             \includegraphics on input line 696.
Package epstopdf Info: Output file is already uptodate.
<images/914857/rl_r_eff-eps-converted-to.pdf, id=664, 867.24pt x 578.16pt>
File: images/914857/rl_r_eff-eps-converted-to.pdf Graphic file (type pdf)
<use images/914857/rl_r_eff-eps-converted-to.pdf>
Package pdftex.def Info: images/914857/rl_r_eff-eps-converted-to.pdf  used on i
nput line 696.
(pdftex.def)             Requested size: 240.23016pt x 160.14575pt.
Package epstopdf Info: Source file: <images/914857/rl_reward.eps>
(epstopdf)                    date: 2024-01-17 18:45:30
(epstopdf)                    size: 38636 bytes
(epstopdf)             Output file: <images/914857/rl_reward-eps-converted-to.p
df>
(epstopdf)                    date: 2024-01-17 18:53:51
(epstopdf)                    size: 19333 bytes
(epstopdf)             Command: <repstopdf --outfile=images/914857/rl_reward-ep
s-converted-to.pdf images/914857/rl_reward.eps>
(epstopdf)             \includegraphics on input line 703.
Package epstopdf Info: Output file is already uptodate.
<images/914857/rl_reward-eps-converted-to.pdf, id=665, 867.24pt x 578.16pt>
File: images/914857/rl_reward-eps-converted-to.pdf Graphic file (type pdf)
<use images/914857/rl_reward-eps-converted-to.pdf>
Package pdftex.def Info: images/914857/rl_reward-eps-converted-to.pdf  used on 
input line 703.
(pdftex.def)             Requested size: 240.23016pt x 160.14575pt.
Package epstopdf Info: Source file: <images/244620/rl_sir.eps>
(epstopdf)                    date: 2024-01-17 18:47:01
(epstopdf)                    size: 53880 bytes
(epstopdf)             Output file: <images/244620/rl_sir-eps-converted-to.pdf>

(epstopdf)                    date: 2024-01-17 18:53:51
(epstopdf)                    size: 24367 bytes
(epstopdf)             Command: <repstopdf --outfile=images/244620/rl_sir-eps-c
onverted-to.pdf images/244620/rl_sir.eps>
(epstopdf)             \includegraphics on input line 715.
Package epstopdf Info: Output file is already uptodate.
<images/244620/rl_sir-eps-converted-to.pdf, id=667, 867.24pt x 578.16pt>
File: images/244620/rl_sir-eps-converted-to.pdf Graphic file (type pdf)
<use images/244620/rl_sir-eps-converted-to.pdf>
Package pdftex.def Info: images/244620/rl_sir-eps-converted-to.pdf  used on inp
ut line 715.
(pdftex.def)             Requested size: 240.23016pt x 160.14575pt.
Package epstopdf Info: Source file: <images/244620/rl_i.eps>
(epstopdf)                    date: 2024-01-17 18:47:02
(epstopdf)                    size: 43580 bytes
(epstopdf)             Output file: <images/244620/rl_i-eps-converted-to.pdf>
(epstopdf)                    date: 2024-01-17 18:53:51
(epstopdf)                    size: 20222 bytes
(epstopdf)             Command: <repstopdf --outfile=images/244620/rl_i-eps-con
verted-to.pdf images/244620/rl_i.eps>
(epstopdf)             \includegraphics on input line 722.
Package epstopdf Info: Output file is already uptodate.
<images/244620/rl_i-eps-converted-to.pdf, id=668, 867.24pt x 578.16pt>
File: images/244620/rl_i-eps-converted-to.pdf Graphic file (type pdf)
<use images/244620/rl_i-eps-converted-to.pdf>
Package pdftex.def Info: images/244620/rl_i-eps-converted-to.pdf  used on input
 line 722.
(pdftex.def)             Requested size: 240.23016pt x 160.14575pt.
Package epstopdf Info: Source file: <images/244620/rl_gdp.eps>
(epstopdf)                    date: 2024-01-17 18:47:03
(epstopdf)                    size: 30196 bytes
(epstopdf)             Output file: <images/244620/rl_gdp-eps-converted-to.pdf>

(epstopdf)                    date: 2024-01-17 18:53:51
(epstopdf)                    size: 16022 bytes
(epstopdf)             Command: <repstopdf --outfile=images/244620/rl_gdp-eps-c
onverted-to.pdf images/244620/rl_gdp.eps>
(epstopdf)             \includegraphics on input line 729.
Package epstopdf Info: Output file is already uptodate.
<images/244620/rl_gdp-eps-converted-to.pdf, id=669, 867.24pt x 578.16pt>
File: images/244620/rl_gdp-eps-converted-to.pdf Graphic file (type pdf)
<use images/244620/rl_gdp-eps-converted-to.pdf>
Package pdftex.def Info: images/244620/rl_gdp-eps-converted-to.pdf  used on inp
ut line 729.
(pdftex.def)             Requested size: 240.23016pt x 160.14575pt.
<images/244620/rl_stringency.pdf, id=670, 867.24pt x 578.16pt>
File: images/244620/rl_stringency.pdf Graphic file (type pdf)
<use images/244620/rl_stringency.pdf>
Package pdftex.def Info: images/244620/rl_stringency.pdf  used on input line 73
6.
(pdftex.def)             Requested size: 240.23016pt x 160.14575pt.
Package epstopdf Info: Source file: <images/244620/rl_r_eff.eps>
(epstopdf)                    date: 2024-01-17 18:47:04
(epstopdf)                    size: 37090 bytes
(epstopdf)             Output file: <images/244620/rl_r_eff-eps-converted-to.pd
f>
(epstopdf)                    date: 2024-01-17 18:53:51
(epstopdf)                    size: 18517 bytes
(epstopdf)             Command: <repstopdf --outfile=images/244620/rl_r_eff-eps
-converted-to.pdf images/244620/rl_r_eff.eps>
(epstopdf)             \includegraphics on input line 743.
Package epstopdf Info: Output file is already uptodate.
<images/244620/rl_r_eff-eps-converted-to.pdf, id=671, 867.24pt x 578.16pt>
File: images/244620/rl_r_eff-eps-converted-to.pdf Graphic file (type pdf)
<use images/244620/rl_r_eff-eps-converted-to.pdf>
Package pdftex.def Info: images/244620/rl_r_eff-eps-converted-to.pdf  used on i
nput line 743.
(pdftex.def)             Requested size: 240.23016pt x 160.14575pt.
Package epstopdf Info: Source file: <images/244620/rl_reward.eps>
(epstopdf)                    date: 2024-01-17 18:47:04
(epstopdf)                    size: 37366 bytes
(epstopdf)             Output file: <images/244620/rl_reward-eps-converted-to.p
df>
(epstopdf)                    date: 2024-01-17 18:53:52
(epstopdf)                    size: 18575 bytes
(epstopdf)             Command: <repstopdf --outfile=images/244620/rl_reward-ep
s-converted-to.pdf images/244620/rl_reward.eps>
(epstopdf)             \includegraphics on input line 750.
Package epstopdf Info: Output file is already uptodate.
<images/244620/rl_reward-eps-converted-to.pdf, id=672, 867.24pt x 578.16pt>
File: images/244620/rl_reward-eps-converted-to.pdf Graphic file (type pdf)
<use images/244620/rl_reward-eps-converted-to.pdf>
Package pdftex.def Info: images/244620/rl_reward-eps-converted-to.pdf  used on 
input line 750.
(pdftex.def)             Requested size: 240.23016pt x 160.14575pt.
 [15 <./images/SIR_model_with_lockdown_infections_IND.pdf>]
[16 <./images/SIRV_model_with_lockdown_IND.pdf> <./images/SIRV_model_with_lockd
own_infections_IND.pdf>] [17 <./images/SIRV_model_with_lockdown_time_varying_nu
_IND.pdf> <./images/SIRV_model_with_lockdown_infections_time_varying_nu_IND.pdf
>] (./main.bbl
! Extra }, or forgotten \endgroup.
<recently read> }
                 
l.36 \newblock }
                }} \bibinfo{note}{Accessed: 2024-01-12}.
I've deleted a group-closing symbol because it seems to be
spurious, as in `$x}$'. But perhaps the } is legitimate and
you forgot something else, as in `\hbox{$x}'. In such cases
the way to recover is to insert both the forgotten and the
deleted material, e.g., by typing `I$}'.

! Extra }, or forgotten \endgroup.
l.36 \newblock }}
                 } \bibinfo{note}{Accessed: 2024-01-12}.
I've deleted a group-closing symbol because it seems to be
spurious, as in `$x}$'. But perhaps the } is legitimate and
you forgot something else, as in `\hbox{$x}'. In such cases
the way to recover is to insert both the forgotten and the
deleted material, e.g., by typing `I$}'.

! Extra }, or forgotten \endgroup.
l.36 \newblock }}}
                   \bibinfo{note}{Accessed: 2024-01-12}.
I've deleted a group-closing symbol because it seems to be
spurious, as in `$x}$'. But perhaps the } is legitimate and
you forgot something else, as in `\hbox{$x}'. In such cases
the way to recover is to insert both the forgotten and the
deleted material, e.g., by typing `I$}'.

[18 <./images/comparing_costs_SIR_IND.pdf> <./images/comparing_costs_I_IND.pdf>
] [19 <./images/stringency_vs_gdp_IND.pdf> <./images/gdp_modelled_with_stringen
cy_IND.pdf> <./images/stringency_vs_gdp_MEX.pdf> <./images/gdp_modelled_with_st
ringency_MEX.pdf> <./images/stringency_vs_gdp_BRA.pdf> <./images/gdp_modelled_w
ith_stringency_BRA.pdf>] [20 <./images/stringency_vs_gdp_USA.pdf> <./images/gdp
_modelled_with_stringency_USA.pdf> <./images/stringency_vs_gdp_JPN.pdf> <./imag
es/gdp_modelled_with_stringency_JPN.pdf> <./images/stringency_vs_gdp_CAN.pdf> <
./images/gdp_modelled_with_stringency_CAN.pdf>] [21 <./images/914857/rl_sir-eps
-converted-to.pdf> <./images/914857/rl_i-eps-converted-to.pdf> <./images/914857
/rl_gdp-eps-converted-to.pdf> <./images/914857/rl_stringency.pdf> <./images/914
857/rl_r_eff-eps-converted-to.pdf> <./images/914857/rl_reward-eps-converted-to.
pdf>] [22 <./images/244620/rl_sir-eps-converted-to.pdf> <./images/244620/rl_i-e
ps-converted-to.pdf> <./images/244620/rl_gdp-eps-converted-to.pdf> <./images/24
4620/rl_stringency.pdf> <./images/244620/rl_r_eff-eps-converted-to.pdf> <./imag
es/244620/rl_reward-eps-converted-to.pdf>]

! Package inputenc Error: Invalid UTF-8 byte sequence.

See the inputenc package documentation for explanation.
Type  H <return>  for immediate help.
 ...                                              
                                                  
l.91 ...u}n, P.} \& \bibinfo{author}{Yildirim, .}
                                                  
The document does not appear to be in UTF-8 encoding.
Try adding \UseRawInputEncoding as the first line of the file
or specify an encoding such as \usepackage [latin1]{inputenc}
in the document preamble.
Alternatively, save the file in UTF-8 using your editor or another tool

! Extra }, or forgotten \endgroup.
<recently read> }
                 
l.121 \newblock }
                 }} \doiprefix\url{10.25561/77482} (\bibinfo{year}{2020}).
I've deleted a group-closing symbol because it seems to be
spurious, as in `$x}$'. But perhaps the } is legitimate and
you forgot something else, as in `\hbox{$x}'. In such cases
the way to recover is to insert both the forgotten and the
deleted material, e.g., by typing `I$}'.

! Extra }, or forgotten \endgroup.
l.121 \newblock }}
                  } \doiprefix\url{10.25561/77482} (\bibinfo{year}{2020}).
I've deleted a group-closing symbol because it seems to be
spurious, as in `$x}$'. But perhaps the } is legitimate and
you forgot something else, as in `\hbox{$x}'. In such cases
the way to recover is to insert both the forgotten and the
deleted material, e.g., by typing `I$}'.

! Extra }, or forgotten \endgroup.
l.121 \newblock }}}
                    \doiprefix\url{10.25561/77482} (\bibinfo{year}{2020}).
I've deleted a group-closing symbol because it seems to be
spurious, as in `$x}$'. But perhaps the } is legitimate and
you forgot something else, as in `\hbox{$x}'. In such cases
the way to recover is to insert both the forgotten and the
deleted material, e.g., by typing `I$}'.

! Extra }, or forgotten \endgroup.
<recently read> }
                 
l.183 \newblock }
                 }} \doiprefix\url{10.3386/w26981} (\bibinfo{year}{2020}).
I've deleted a group-closing symbol because it seems to be
spurious, as in `$x}$'. But perhaps the } is legitimate and
you forgot something else, as in `\hbox{$x}'. In such cases
the way to recover is to insert both the forgotten and the
deleted material, e.g., by typing `I$}'.

! Extra }, or forgotten \endgroup.
l.183 \newblock }}
                  } \doiprefix\url{10.3386/w26981} (\bibinfo{year}{2020}).
I've deleted a group-closing symbol because it seems to be
spurious, as in `$x}$'. But perhaps the } is legitimate and
you forgot something else, as in `\hbox{$x}'. In such cases
the way to recover is to insert both the forgotten and the
deleted material, e.g., by typing `I$}'.

! Extra }, or forgotten \endgroup.
l.183 \newblock }}}
                    \doiprefix\url{10.3386/w26981} (\bibinfo{year}{2020}).
I've deleted a group-closing symbol because it seems to be
spurious, as in `$x}$'. But perhaps the } is legitimate and
you forgot something else, as in `\hbox{$x}'. In such cases
the way to recover is to insert both the forgotten and the
deleted material, e.g., by typing `I$}'.

[23]
! Extra }, or forgotten \endgroup.
<recently read> }
                 
l.189 \newblock }
                 }}  (\bibinfo{year}{2020}).
I've deleted a group-closing symbol because it seems to be
spurious, as in `$x}$'. But perhaps the } is legitimate and
you forgot something else, as in `\hbox{$x}'. In such cases
the way to recover is to insert both the forgotten and the
deleted material, e.g., by typing `I$}'.

! Extra }, or forgotten \endgroup.
l.189 \newblock }}
                  }  (\bibinfo{year}{2020}).
I've deleted a group-closing symbol because it seems to be
spurious, as in `$x}$'. But perhaps the } is legitimate and
you forgot something else, as in `\hbox{$x}'. In such cases
the way to recover is to insert both the forgotten and the
deleted material, e.g., by typing `I$}'.

! Extra }, or forgotten \endgroup.
l.189 \newblock }}}
                     (\bibinfo{year}{2020}).
I've deleted a group-closing symbol because it seems to be
spurious, as in `$x}$'. But perhaps the } is legitimate and
you forgot something else, as in `\hbox{$x}'. In such cases
the way to recover is to insert both the forgotten and the
deleted material, e.g., by typing `I$}'.


Underfull \hbox (badness 10000) in paragraph at lines 186--192
[]\T1/ptm/m/n/12 (+20) Rachel, L.  An an-a-lyt-i-cal model of covid-19 lock-dow
ns.   (2020).
 []

! Extra }, or forgotten \endgroup.
<recently read> }
                 
l.216 \newblock }
                 }} \doiprefix\url{10.1101/2020.12.30.20248888}
I've deleted a group-closing symbol because it seems to be
spurious, as in `$x}$'. But perhaps the } is legitimate and
you forgot something else, as in `\hbox{$x}'. In such cases
the way to recover is to insert both the forgotten and the
deleted material, e.g., by typing `I$}'.

! Extra }, or forgotten \endgroup.
l.216 \newblock }}
                  } \doiprefix\url{10.1101/2020.12.30.20248888}
I've deleted a group-closing symbol because it seems to be
spurious, as in `$x}$'. But perhaps the } is legitimate and
you forgot something else, as in `\hbox{$x}'. In such cases
the way to recover is to insert both the forgotten and the
deleted material, e.g., by typing `I$}'.

! Extra }, or forgotten \endgroup.
l.216 \newblock }}}
                    \doiprefix\url{10.1101/2020.12.30.20248888}
I've deleted a group-closing symbol because it seems to be
spurious, as in `$x}$'. But perhaps the } is legitimate and
you forgot something else, as in `\hbox{$x}'. In such cases
the way to recover is to insert both the forgotten and the
deleted material, e.g., by typing `I$}'.

! Extra }, or forgotten \endgroup.
<recently read> }
                 
l.223 \newblock }
                 }}  (\bibinfo{year}{2023}).
I've deleted a group-closing symbol because it seems to be
spurious, as in `$x}$'. But perhaps the } is legitimate and
you forgot something else, as in `\hbox{$x}'. In such cases
the way to recover is to insert both the forgotten and the
deleted material, e.g., by typing `I$}'.

! Extra }, or forgotten \endgroup.
l.223 \newblock }}
                  }  (\bibinfo{year}{2023}).
I've deleted a group-closing symbol because it seems to be
spurious, as in `$x}$'. But perhaps the } is legitimate and
you forgot something else, as in `\hbox{$x}'. In such cases
the way to recover is to insert both the forgotten and the
deleted material, e.g., by typing `I$}'.

! Extra }, or forgotten \endgroup.
l.223 \newblock }}}
                     (\bibinfo{year}{2023}).
I've deleted a group-closing symbol because it seems to be
spurious, as in `$x}$'. But perhaps the } is legitimate and
you forgot something else, as in `\hbox{$x}'. In such cases
the way to recover is to insert both the forgotten and the
deleted material, e.g., by typing `I$}'.

! Misplaced alignment tab character &.
<inserted text> &
                 amp;
l.292 ...nalTitle{Chaos, Solitons &amp; Fractals}}
                                                  }
I can't figure out why you would want to use a tab mark
here. If you just want an ampersand, the remedy is
simple: Just type `I\&' now. But if some right brace
up above has ended a previous alignment prematurely,
you're probably due for more error messages, and you
might try typing `S' now just to see what is salvageable.

[24]
! Extra }, or forgotten \endgroup.
<recently read> }
                 
l.371 \newblock }
                 }} \doiprefix\url{10.3386/w26867} (\bibinfo{year}{2020}).
I've deleted a group-closing symbol because it seems to be
spurious, as in `$x}$'. But perhaps the } is legitimate and
you forgot something else, as in `\hbox{$x}'. In such cases
the way to recover is to insert both the forgotten and the
deleted material, e.g., by typing `I$}'.

! Extra }, or forgotten \endgroup.
l.371 \newblock }}
                  } \doiprefix\url{10.3386/w26867} (\bibinfo{year}{2020}).
I've deleted a group-closing symbol because it seems to be
spurious, as in `$x}$'. But perhaps the } is legitimate and
you forgot something else, as in `\hbox{$x}'. In such cases
the way to recover is to insert both the forgotten and the
deleted material, e.g., by typing `I$}'.

! Extra }, or forgotten \endgroup.
l.371 \newblock }}}
                    \doiprefix\url{10.3386/w26867} (\bibinfo{year}{2020}).
I've deleted a group-closing symbol because it seems to be
spurious, as in `$x}$'. But perhaps the } is legitimate and
you forgot something else, as in `\hbox{$x}'. In such cases
the way to recover is to insert both the forgotten and the
deleted material, e.g., by typing `I$}'.

! Extra }, or forgotten \endgroup.
<recently read> }
                 
l.431 \newblock }
                 }} \doiprefix\url{10.48550/ARXIV.1811.12560} (\bibinfo{year...
I've deleted a group-closing symbol because it seems to be
spurious, as in `$x}$'. But perhaps the } is legitimate and
you forgot something else, as in `\hbox{$x}'. In such cases
the way to recover is to insert both the forgotten and the
deleted material, e.g., by typing `I$}'.

! Extra }, or forgotten \endgroup.
l.431 \newblock }}
                  } \doiprefix\url{10.48550/ARXIV.1811.12560} (\bibinfo{year...
I've deleted a group-closing symbol because it seems to be
spurious, as in `$x}$'. But perhaps the } is legitimate and
you forgot something else, as in `\hbox{$x}'. In such cases
the way to recover is to insert both the forgotten and the
deleted material, e.g., by typing `I$}'.

! Extra }, or forgotten \endgroup.
l.431 \newblock }}}
                    \doiprefix\url{10.48550/ARXIV.1811.12560} (\bibinfo{year...
I've deleted a group-closing symbol because it seems to be
spurious, as in `$x}$'. But perhaps the } is legitimate and
you forgot something else, as in `\hbox{$x}'. In such cases
the way to recover is to insert both the forgotten and the
deleted material, e.g., by typing `I$}'.

[25]
Underfull \hbox (badness 5681) in paragraph at lines 505--509
[]\T1/ptm/m/n/12 (+20) Mathieu, E. \T1/ptm/m/it/12 (+20) et al.  \T1/ptm/m/n/12
 (+20) Coro-n-avirus pan-demic (covid-19).  \T1/ptm/m/it/12 (+20) Our World Dat
a \T1/ptm/m/n/12 (+20) (2020).
 []

! Extra }, or forgotten \endgroup.
<recently read> }
                 
l.561 \newblock }
                 }}
I've deleted a group-closing symbol because it seems to be
spurious, as in `$x}$'. But perhaps the } is legitimate and
you forgot something else, as in `\hbox{$x}'. In such cases
the way to recover is to insert both the forgotten and the
deleted material, e.g., by typing `I$}'.

! Extra }, or forgotten \endgroup.
l.561 \newblock }}
                  }
I've deleted a group-closing symbol because it seems to be
spurious, as in `$x}$'. But perhaps the } is legitimate and
you forgot something else, as in `\hbox{$x}'. In such cases
the way to recover is to insert both the forgotten and the
deleted material, e.g., by typing `I$}'.

! Extra }, or forgotten \endgroup.
l.561 \newblock }}}
                   
I've deleted a group-closing symbol because it seems to be
spurious, as in `$x}$'. But perhaps the } is legitimate and
you forgot something else, as in `\hbox{$x}'. In such cases
the way to recover is to insert both the forgotten and the
deleted material, e.g., by typing `I$}'.

! Misplaced alignment tab character &.
<inserted text> &
                 
l.589 ...itle{Computing in Science & Engineering}}
                                                  }
I can't figure out why you would want to use a tab mark
here. If you just want an ampersand, the remedy is
simple: Just type `I\&' now. But if some right brace
up above has ended a previous alignment prematurely,
you're probably due for more error messages, and you
might try typing `S' now just to see what is salvageable.

) 
AED: lastpage setting LastPage
[26]
Package atveryend Info: Empty hook `BeforeClearDocument' on input line 769.
Package atveryend Info: Empty hook `AfterLastShipout' on input line 769.
 (./main.aux)
Package atveryend Info: Executing hook `AtVeryEndDocument' on input line 769.
Package atveryend Info: Executing hook `AtEndAfterFileList' on input line 769.
Package rerunfilecheck Info: File `main.out' has not changed.
(rerunfilecheck)             Checksum: EA4760C235D684D4E568DB646B313C8E;932.


LaTeX Warning: There were undefined references.

Package atveryend Info: Empty hook `AtVeryVeryEnd' on input line 769.
 ) 
Here is how much of TeX's memory you used:
 32799 strings out of 481239
 663542 string characters out of 5920377
 974493 words of memory out of 5000000
 47017 multiletter control sequences out of 15000+600000
 632076 words of font info for 335 fonts, out of 8000000 for 9000
 1141 hyphenation exceptions out of 8191
 60i,12n,74p,2397b,1002s stack positions out of 5000i,500n,10000p,200000b,80000s
{/usr/share/texlive/texmf-dist/fonts/enc/dvips/base/8r.enc}</usr/share/texliv
e/texmf-dist/fonts/type1/public/amsfonts/cm/cmex10.pfb></usr/share/texlive/texm
f-dist/fonts/type1/public/amsfonts/cm/cmmi10.pfb></usr/share/texlive/texmf-dist
/fonts/type1/public/amsfonts/cm/cmr10.pfb></usr/share/texlive/texmf-dist/fonts/
type1/public/amsfonts/cm/cmsy10.pfb></usr/share/texlive/texmf-dist/fonts/type1/
public/amsfonts/symbols/msbm10.pfb></usr/share/texlive/texmf-dist/fonts/type1/p
ublic/rsfs/rsfs10.pfb></usr/share/texlive/texmf-dist/fonts/type1/urw/helvetic/u
hvb8a.pfb></usr/share/texlive/texmf-dist/fonts/type1/urw/helvetic/uhvr8a.pfb></
usr/share/texlive/texmf-dist/fonts/type1/urw/symbol/usyr.pfb></usr/share/texliv
e/texmf-dist/fonts/type1/urw/symbol/usyr.pfb></usr/share/texlive/texmf-dist/fon
ts/type1/urw/times/utmb8a.pfb></usr/share/texlive/texmf-dist/fonts/type1/urw/ti
mes/utmr8a.pfb></usr/share/texlive/texmf-dist/fonts/type1/urw/times/utmri8a.pfb
>
Output written on main.pdf (26 pages, 801086 bytes).
PDF statistics:
 2245 PDF objects out of 2487 (max. 8388607)
 801 compressed objects within 9 object streams
 172 named destinations out of 1000 (max. 500000)
 53051 words of extra memory for PDF output out of 61914 (max. 10000000)

